parsing a schema...
compiling a schema...
org/w3/_2000/_09/xmldsig_/CanonicalizationMethodType.java
org/w3/_2000/_09/xmldsig_/DSAKeyValueType.java
org/w3/_2000/_09/xmldsig_/DigestMethodType.java
org/w3/_2000/_09/xmldsig_/KeyInfoType.java
org/w3/_2000/_09/xmldsig_/KeyValueType.java
org/w3/_2000/_09/xmldsig_/ManifestType.java
org/w3/_2000/_09/xmldsig_/ObjectFactory.java
org/w3/_2000/_09/xmldsig_/ObjectType.java
org/w3/_2000/_09/xmldsig_/PGPDataType.java
org/w3/_2000/_09/xmldsig_/RSAKeyValueType.java
org/w3/_2000/_09/xmldsig_/ReferenceType.java
org/w3/_2000/_09/xmldsig_/RetrievalMethodType.java
org/w3/_2000/_09/xmldsig_/SPKIDataType.java
org/w3/_2000/_09/xmldsig_/SignatureMethodType.java
org/w3/_2000/_09/xmldsig_/SignaturePropertiesType.java
org/w3/_2000/_09/xmldsig_/SignaturePropertyType.java
org/w3/_2000/_09/xmldsig_/SignatureType.java
org/w3/_2000/_09/xmldsig_/SignatureValueType.java
org/w3/_2000/_09/xmldsig_/SignedInfoType.java
org/w3/_2000/_09/xmldsig_/TransformType.java
org/w3/_2000/_09/xmldsig_/TransformsType.java
org/w3/_2000/_09/xmldsig_/X509DataType.java
org/w3/_2000/_09/xmldsig_/X509IssuerSerialType.java
org/w3/_2000/_09/xmldsig_/package-info.java
br/gov/mec/portal/diplomadigital/arquivos_em_xsd/ObjectFactory.java
br/gov/mec/portal/diplomadigital/arquivos_em_xsd/TAtoRegulatorio.java
br/gov/mec/portal/diplomadigital/arquivos_em_xsd/TDadosCurso.java
br/gov/mec/portal/diplomadigital/arquivos_em_xsd/TDadosDiploma.java
br/gov/mec/portal/diplomadigital/arquivos_em_xsd/TDadosDiplomado.java
br/gov/mec/portal/diplomadigital/arquivos_em_xsd/TDadosIesEmissora.java
br/gov/mec/portal/diplomadigital/arquivos_em_xsd/TDadosIesRegistradora.java
br/gov/mec/portal/diplomadigital/arquivos_em_xsd/TDadosPrivadosDiplomado.java
br/gov/mec/portal/diplomadigital/arquivos_em_xsd/TDadosRegistro.java
br/gov/mec/portal/diplomadigital/arquivos_em_xsd/TDiploma.java
br/gov/mec/portal/diplomadigital/arquivos_em_xsd/TDocumentacaoAcademicaRegistro.java
br/gov/mec/portal/diplomadigital/arquivos_em_xsd/TDocumentacaoComprobatoria.java
br/gov/mec/portal/diplomadigital/arquivos_em_xsd/TEndereco.java
br/gov/mec/portal/diplomadigital/arquivos_em_xsd/TFiliacao.java
br/gov/mec/portal/diplomadigital/arquivos_em_xsd/TFormaAcessoCurso.java
br/gov/mec/portal/diplomadigital/arquivos_em_xsd/TGrauConferido.java
br/gov/mec/portal/diplomadigital/arquivos_em_xsd/THistoricoEscolar.java
br/gov/mec/portal/diplomadigital/arquivos_em_xsd/TInfDiploma.java
br/gov/mec/portal/diplomadigital/arquivos_em_xsd/TLivroRegistro.java
br/gov/mec/portal/diplomadigital/arquivos_em_xsd/TModalidadeCurso.java
br/gov/mec/portal/diplomadigital/arquivos_em_xsd/TNaturalidade.java
br/gov/mec/portal/diplomadigital/arquivos_em_xsd/TPessoa.java
br/gov/mec/portal/diplomadigital/arquivos_em_xsd/TPolo.java
br/gov/mec/portal/diplomadigital/arquivos_em_xsd/TRegistroReq.java
br/gov/mec/portal/diplomadigital/arquivos_em_xsd/TRg.java
br/gov/mec/portal/diplomadigital/arquivos_em_xsd/TSeguranca.java
br/gov/mec/portal/diplomadigital/arquivos_em_xsd/TSexo.java
br/gov/mec/portal/diplomadigital/arquivos_em_xsd/TSituacaoAlunoEnadeHistorico.java
br/gov/mec/portal/diplomadigital/arquivos_em_xsd/TSituacaoAlunoHistorico.java
br/gov/mec/portal/diplomadigital/arquivos_em_xsd/TTermoResponsabilidade.java
br/gov/mec/portal/diplomadigital/arquivos_em_xsd/TTipoAto.java
br/gov/mec/portal/diplomadigital/arquivos_em_xsd/TTipoDocumentacao.java
br/gov/mec/portal/diplomadigital/arquivos_em_xsd/TTitulacao.java
br/gov/mec/portal/diplomadigital/arquivos_em_xsd/TTituloConferido.java
br/gov/mec/portal/diplomadigital/arquivos_em_xsd/TUf.java
br/gov/mec/portal/diplomadigital/arquivos_em_xsd/package-info.java
